<?xml version="1.0" encoding="UTF-8"?>
<!-- Generated by org.testng.reporters.JUnitXMLReporter -->
<testsuite hostname="SimaNB" name="Default test" tests="6" failures="0" timestamp="21 Oct 2015 20:24:13 GMT" time="24.615" errors="0">
  <testcase name="deleteSomeGroup" time="2.116" classname="com.example.tests.GroupRemovalTests"/>
  <testcase name="modifySomeGroup" time="2.354" classname="com.example.tests.GroupModifyTests"/>
  <testcase name="testEmptyContactCreation" time="2.414" classname="com.example.tests.ContactCreationTests"/>
  <testcase name="testNotEmptyContactCreation" time="3.152" classname="com.example.tests.ContactCreationTests"/>
  <testcase name="testEmptyGroupCreaetion" time="1.793" classname="com.example.tests.GroupCreationTests"/>
  <testcase name="testNotEmptyGroupCreaetion" time="1.77" classname="com.example.tests.GroupCreationTests"/>
</testsuite> <!-- Default test -->
